# JRE version: OpenJDK Runtime Environment (16.0.1+9) (build 16.0.1+9-Ubuntu-120.04)
# Java VM: OpenJDK 64-Bit Server VM (16.0.1+9-Ubuntu-120.04, mixed mode, sharing, tiered, compressed oops, compressed class ptrs, g1 gc, linux-amd64)
GC Precious Log:
 CPUs: 4 total, 4 available
 Memory: 13923M
 Large Page Support: Disabled
 NUMA Support: Disabled
 Compressed Oops: Enabled (Zero based)
 Heap Region Size: 2M
 Heap Min Capacity: 8M
 Heap Initial Capacity: 218M
 Heap Max Capacity: 3482M
 Pre-touch: Disabled
 Parallel Workers: 4
 Concurrent Workers: 1
 Concurrent Refinement Workers: 4
 Periodic GC: Disabled
Heap:
 garbage-first heap   total 133120K, used 93203K [0x0000000726600000, 0x0000000800000000)
  region size 2048K, 16 young (32768K), 1 survivors (2048K)
 Metaspace       used 41907K, committed 42496K, reserved 1089536K
  class space    used 6671K, committed 6976K, reserved 1048576K
GC Heap History (20 events):
Event: 108932.721 GC heap before
{Heap before GC invocations=389 (full 0):
 garbage-first heap   total 133120K, used 109159K [0x0000000726600000, 0x0000000800000000)
  region size 2048K, 24 young (49152K), 2 survivors (4096K)
 Metaspace       used 41882K, committed 42496K, reserved 1089536K
  class space    used 6671K, committed 6976K, reserved 1048576K
}
Event: 108932.725 GC heap after
{Heap after GC invocations=390 (full 0):
 garbage-first heap   total 133120K, used 64417K [0x0000000726600000, 0x0000000800000000)
  region size 2048K, 2 young (4096K), 2 survivors (4096K)
 Metaspace       used 41882K, committed 42496K, reserved 1089536K
  class space    used 6671K, committed 6976K, reserved 1048576K
}
Event: 116894.245 GC heap before
{Heap before GC invocations=391 (full 0):
 garbage-first heap   total 133120K, used 109473K [0x0000000726600000, 0x0000000800000000)
  region size 2048K, 24 young (49152K), 2 survivors (4096K)
 Metaspace       used 41884K, committed 42496K, reserved 1089536K
  class space    used 6671K, committed 6976K, reserved 1048576K
}
Event: 116894.430 GC heap after
{Heap after GC invocations=392 (full 0):
 garbage-first heap   total 133120K, used 64578K [0x0000000726600000, 0x0000000800000000)
  region size 2048K, 2 young (4096K), 2 survivors (4096K)
 Metaspace       used 41884K, committed 42496K, reserved 1089536K
  class space    used 6671K, committed 6976K, reserved 1048576K
}
Event: 126839.669 GC heap before
{Heap before GC invocations=392 (full 0):
 garbage-first heap   total 133120K, used 109634K [0x0000000726600000, 0x0000000800000000)
  region size 2048K, 24 young (49152K), 2 survivors (4096K)
 Metaspace       used 41885K, committed 42496K, reserved 1089536K
  class space    used 6671K, committed 6976K, reserved 1048576K
}
Event: 126839.677 GC heap after
{Heap after GC invocations=393 (full 0):
 garbage-first heap   total 133120K, used 64501K [0x0000000726600000, 0x0000000800000000)
  region size 2048K, 2 young (4096K), 2 survivors (4096K)
 Metaspace       used 41885K, committed 42496K, reserved 1089536K
  class space    used 6671K, committed 6976K, reserved 1048576K
}
Event: 136668.829 GC heap before
{Heap before GC invocations=394 (full 0):
 garbage-first heap   total 133120K, used 109557K [0x0000000726600000, 0x0000000800000000)
  region size 2048K, 24 young (49152K), 2 survivors (4096K)
 Metaspace       used 41898K, committed 42496K, reserved 1089536K
  class space    used 6671K, committed 6976K, reserved 1048576K
}
Event: 136668.833 GC heap after
{Heap after GC invocations=395 (full 0):
 garbage-first heap   total 133120K, used 64290K [0x0000000726600000, 0x0000000800000000)
  region size 2048K, 2 young (4096K), 2 survivors (4096K)
 Metaspace       used 41898K, committed 42496K, reserved 1089536K
  class space    used 6671K, committed 6976K, reserved 1048576K
}
Event: 146611.910 GC heap before
{Heap before GC invocations=395 (full 0):
 garbage-first heap   total 133120K, used 109346K [0x0000000726600000, 0x0000000800000000)
  region size 2048K, 24 young (49152K), 2 survivors (4096K)
 Metaspace       used 41898K, committed 42496K, reserved 1089536K
  class space    used 6671K, committed 6976K, reserved 1048576K
}
Event: 146611.956 GC heap after
{Heap after GC invocations=396 (full 0):
 garbage-first heap   total 133120K, used 64341K [0x0000000726600000, 0x0000000800000000)
  region size 2048K, 2 young (4096K), 2 survivors (4096K)
 Metaspace       used 41898K, committed 42496K, reserved 1089536K
  class space    used 6671K, committed 6976K, reserved 1048576K
}
Event: 156462.164 GC heap before
{Heap before GC invocations=397 (full 0):
 garbage-first heap   total 133120K, used 109397K [0x0000000726600000, 0x0000000800000000)
  region size 2048K, 24 young (49152K), 2 survivors (4096K)
 Metaspace       used 41900K, committed 42496K, reserved 1089536K
  class space    used 6671K, committed 6976K, reserved 1048576K
}
Event: 156462.205 GC heap after
{Heap after GC invocations=398 (full 0):
 garbage-first heap   total 133120K, used 64348K [0x0000000726600000, 0x0000000800000000)
  region size 2048K, 2 young (4096K), 2 survivors (4096K)
 Metaspace       used 41900K, committed 42496K, reserved 1089536K
  class space    used 6671K, committed 6976K, reserved 1048576K
}
Event: 166406.728 GC heap before
{Heap before GC invocations=398 (full 0):
 garbage-first heap   total 133120K, used 109404K [0x0000000726600000, 0x0000000800000000)
  region size 2048K, 24 young (49152K), 2 survivors (4096K)
 Metaspace       used 41900K, committed 42496K, reserved 1089536K
  class space    used 6671K, committed 6976K, reserved 1048576K
}
Event: 166406.732 GC heap after
{Heap after GC invocations=399 (full 0):
 garbage-first heap   total 133120K, used 64533K [0x0000000726600000, 0x0000000800000000)
  region size 2048K, 2 young (4096K), 2 survivors (4096K)
 Metaspace       used 41900K, committed 42496K, reserved 1089536K
  class space    used 6671K, committed 6976K, reserved 1048576K
}
Event: 176268.984 GC heap before
{Heap before GC invocations=400 (full 0):
 garbage-first heap   total 133120K, used 109589K [0x0000000726600000, 0x0000000800000000)
  region size 2048K, 24 young (49152K), 2 survivors (4096K)
 Metaspace       used 41900K, committed 42496K, reserved 1089536K
  class space    used 6671K, committed 6976K, reserved 1048576K
}
Event: 176268.986 GC heap after
{Heap after GC invocations=401 (full 0):
 garbage-first heap   total 133120K, used 64380K [0x0000000726600000, 0x0000000800000000)
  region size 2048K, 1 young (2048K), 1 survivors (2048K)
 Metaspace       used 41900K, committed 42496K, reserved 1089536K
  class space    used 6671K, committed 6976K, reserved 1048576K
}
Event: 187116.937 GC heap before
{Heap before GC invocations=401 (full 0):
 garbage-first heap   total 133120K, used 113532K [0x0000000726600000, 0x0000000800000000)
  region size 2048K, 25 young (51200K), 1 survivors (2048K)
 Metaspace       used 41901K, committed 42496K, reserved 1089536K
  class space    used 6671K, committed 6976K, reserved 1048576K
}
Event: 187116.940 GC heap after
{Heap after GC invocations=402 (full 0):
 garbage-first heap   total 133120K, used 64404K [0x0000000726600000, 0x0000000800000000)
  region size 2048K, 1 young (2048K), 1 survivors (2048K)
 Metaspace       used 41901K, committed 42496K, reserved 1089536K
  class space    used 6671K, committed 6976K, reserved 1048576K
}
Event: 197924.781 GC heap before
{Heap before GC invocations=403 (full 0):
 garbage-first heap   total 133120K, used 113556K [0x0000000726600000, 0x0000000800000000)
  region size 2048K, 25 young (51200K), 1 survivors (2048K)
 Metaspace       used 41903K, committed 42496K, reserved 1089536K
  class space    used 6671K, committed 6976K, reserved 1048576K
}
Event: 197924.785 GC heap after
{Heap after GC invocations=404 (full 0):
 garbage-first heap   total 133120K, used 64531K [0x0000000726600000, 0x0000000800000000)
  region size 2048K, 1 young (2048K), 1 survivors (2048K)
 Metaspace       used 41903K, committed 42496K, reserved 1089536K
  class space    used 6671K, committed 6976K, reserved 1048576K
}

